 Aggregate  (cost=1720.40..1720.41 rows=1 width=8) (actual time=15.311..15.312 rows=1 loops=1)
   ->  Seq Scan on items  (cost=0.00..1523.52 rows=78752 width=0) (actual time=0.011..10.330 rows=100000 loops=1)
 Planning Time: 0.297 ms
 Execution Time: 15.346 ms
